
> registration-authorization@1.0.0 start /www/socnet_plizi/backend/registration-authorization
> yarn build && node ./lib/application.js

yarn run v1.22.10
$ rimraf lib && yarn tsc && yarn build:copy
$ /www/socnet_plizi/backend/registration-authorization/node_modules/.bin/tsc
src/config/passport.ts(2,8): error TS2440: Import declaration conflicts with local declaration of 'passport'.
error Command failed with exit code 2.
info Visit https://yarnpkg.com/en/docs/cli/run for documentation about this command.
error Command failed with exit code 2.
info Visit https://yarnpkg.com/en/docs/cli/run for documentation about this command.
npm ERR! code ELIFECYCLE
npm ERR! errno 2
npm ERR! registration-authorization@1.0.0 start: `yarn build && node ./lib/application.js`
npm ERR! Exit status 2
npm ERR! 
npm ERR! Failed at the registration-authorization@1.0.0 start script.
npm ERR! This is probably not a problem with npm. There is likely additional logging output above.

npm ERR! A complete log of this run can be found in:
npm ERR!     /home/evgeniy/.npm/_logs/2021-03-23T15_06_54_326Z-debug.log
